rand0000_pe4_array 0.0431
rand0001_pe4_array 0.0503
rand0002_pe4_array 0.0446
rand0003_pe4_array 0.0379
rand0004_pe4_array 0.0468
rand0005_pe4_array 0.0797
rand0006_pe4_array 0.0489
rand0007_pe4_array 0.0547
rand0008_pe4_array 0.0871
rand0009_pe4_array 0.058
rand0010_pe4_array 0.033
rand0011_pe4_array 0.0602
rand0012_pe4_array 0.129
rand0013_pe4_array 0.054
rand0014_pe4_array 0.0368
rand0015_pe4_array 0.0864
rand0016_pe4_array 0.0691
rand0017_pe4_array 0.0618
rand0018_pe4_array 0.1027
rand0019_pe4_array 0.0628
rand0020_pe4_array 0.0387
rand0021_pe4_array 0.0471
rand0022_pe4_array 0.0407
rand0023_pe4_array 0.0385
rand0024_pe4_array 0.0349
rand0025_pe4_array 0.0768
rand0026_pe4_array 0.0597
rand0027_pe4_array 0.0552
rand0028_pe4_array 0.0791
rand0029_pe4_array 0.1127
rand0030_pe4_array 0.0373
rand0031_pe4_array 0.0364
rand0032_pe4_array 0.0357
rand0033_pe4_array 0.0371
rand0034_pe4_array 0.035
rand0035_pe4_array 0.0559
rand0036_pe4_array 0.0564
rand0037_pe4_array 0.0534
rand0038_pe4_array 0.0554
rand0039_pe4_array 0.0551
rand0040_pe4_array 0.0445
rand0041_pe4_array 0.0393
rand0042_pe4_array 0.0323
rand0043_pe4_array 0.0351
rand0044_pe4_array 0.0369
rand0045_pe4_array 0.0546
rand0046_pe4_array 0.0589
rand0047_pe4_array 0.0614
rand0048_pe4_array 0.0538
rand0049_pe4_array 0.0581
rand0050_pe4_array 0.0364
rand0051_pe4_array 0.0358
rand0052_pe4_array 0.0366
rand0053_pe4_array 0.0368
rand0054_pe4_array 0.0425
rand0055_pe4_array 0.0608
rand0056_pe4_array 0.0555
rand0057_pe4_array 0.0552
rand0058_pe4_array 0.0548
rand0059_pe4_array 0.0568
rand0060_pe4_array 0.1002
rand0061_pe4_array 0.0709
rand0062_pe4_array 0.035
rand0063_pe4_array 0.1212
rand0064_pe4_array 0.2495
rand0065_pe4_array 0.0599
rand0066_pe4_array 0.2086
rand0067_pe4_array 0.1584
rand0068_pe4_array 0.0812
rand0069_pe4_array 0.2086
rand0070_pe4_array 0.1087
rand0071_pe4_array 0.0743
rand0072_pe4_array 0.0358
rand0073_pe4_array 0.1188
rand0074_pe4_array 0.0856
rand0075_pe4_array 0.1104
rand0076_pe4_array 0.2191
rand0077_pe4_array 0.1681
rand0078_pe4_array 0.141
rand0079_pe4_array 0.058
rand0080_pe4_array 0.117
rand0081_pe4_array 0.0865
rand0082_pe4_array 0.0504
rand0083_pe4_array 0.1371
rand0084_pe4_array 0.0986
rand0085_pe4_array 0.0927
rand0086_pe4_array 0.0526
rand0087_pe4_array 0.1688
rand0088_pe4_array 0.1323
rand0089_pe4_array 0.0656
rand0090_pe4_array 0.0533
rand0091_pe4_array 0.0423
rand0092_pe4_array 0.0382
rand0093_pe4_array 0.0531
rand0094_pe4_array 0.0479
rand0095_pe4_array 0.0645
rand0096_pe4_array 0.0648
rand0097_pe4_array 0.0746
rand0098_pe4_array 0.0616
rand0099_pe4_array 0.0639
rand0100_pe4_array 0.0657
rand0101_pe4_array 0.0428
rand0102_pe4_array 0.0374
rand0103_pe4_array 0.0371
rand0104_pe4_array 0.066
rand0105_pe4_array 0.0645
rand0106_pe4_array 0.0554
rand0107_pe4_array 0.0878
rand0108_pe4_array 0.0703
rand0109_pe4_array 0.0719
rand0110_pe4_array 0.0534
rand0111_pe4_array 0.05
rand0112_pe4_array 0.0415
rand0113_pe4_array 0.0375
rand0114_pe4_array 0.0551
rand0115_pe4_array 0.0623
rand0116_pe4_array 0.0624
rand0117_pe4_array 0.0828
rand0118_pe4_array 0.069
rand0119_pe4_array 0.0582
rand0120_pe4_array 0.0535
rand0121_pe4_array 0.0494
rand0122_pe4_array 0.0482
rand0123_pe4_array 0.0539
rand0124_pe4_array 0.0604
rand0125_pe4_array 0.0501
rand0126_pe4_array 0.0534
rand0127_pe4_array 0.0764
rand0128_pe4_array 0.0371
rand0129_pe4_array 0.0922
rand0130_pe4_array 0.0479
rand0131_pe4_array 0.1046
rand0132_pe4_array 0.0511
rand0133_pe4_array 0.0597
rand0134_pe4_array 0.0484
rand0135_pe4_array 0.0503
rand0136_pe4_array 0.0497
rand0137_pe4_array 0.0379
rand0138_pe4_array 0.0453
rand0139_pe4_array 0.0486
rand0140_pe4_array 0.0513
rand0141_pe4_array 0.0524
rand0142_pe4_array 0.0465
rand0143_pe4_array 0.0489
rand0144_pe4_array 0.0505
rand0145_pe4_array 0.0473
rand0146_pe4_array 0.0469
rand0147_pe4_array 0.0439
rand0148_pe4_array 0.0449
rand0149_pe4_array 0.0475
rand0150_pe4_array 0.1486
rand0151_pe4_array 0.1226
rand0152_pe4_array 0.0849
rand0153_pe4_array 0.1586
rand0154_pe4_array 0.1248
rand0155_pe4_array 0.1322
rand0156_pe4_array 0.0485
rand0157_pe4_array 0.195
rand0158_pe4_array 0.1362
rand0159_pe4_array 0.0819
rand0160_pe4_array 0.1829
rand0161_pe4_array 0.1441
rand0162_pe4_array 0.0934
rand0163_pe4_array 0.0469
rand0164_pe4_array 0.1359
rand0165_pe4_array 0.0627
rand0166_pe4_array 0.054
rand0167_pe4_array 0.0759
rand0168_pe4_array 0.0631
rand0169_pe4_array 0.0508
rand0170_pe4_array 0.0549
rand0171_pe4_array 0.0778
rand0172_pe4_array 0.0564
rand0173_pe4_array 0.045
rand0174_pe4_array 0.0819
rand0175_pe4_array 0.0605
rand0176_pe4_array 0.0469
rand0177_pe4_array 0.0726
rand0178_pe4_array 0.0561
rand0179_pe4_array 0.0508
